<?xml version="1.0" encoding="UTF-8"?>
<!-- Generated by org.testng.reporters.JUnitReportReporter -->
<testsuite hostname="Andy2312" failures="0" tests="1" name="com.test.cases.TestScript_1" time="10.483" errors="0" timestamp="2022-11-10T13:06:36 IST" skipped="0">
  <testcase classname="com.test.cases.TestScript_1" name="LoginFun" time="10.483"/>
  <system-out/>
</testsuite> <!-- com.test.cases.TestScript_1 -->
